INFO: [VRFC 10-2263] Analyzing Verilog file "D:/Vivado/project/CPU/RISC-V-SOC/risc-v-soc/risc-v-soc.ip_user_files/bd/risc_v_soc_test/ipshared/ed3d/src/AXI_gpio.v" into library xil_defaultlib
INFO: [VRFC 10-311] analyzing module AXI4_gpio
INFO: [VRFC 10-2263] Analyzing Verilog file "D:/Vivado/project/CPU/RISC-V-SOC/risc-v-soc/risc-v-soc.ip_user_files/bd/risc_v_soc_test/ipshared/ed3d/src/GPIO_AHB_Slave_pipe_S0_inist.v" into library xil_defaultlib
INFO: [VRFC 10-311] analyzing module GPIO_AHB_Slave_pipe_S0_inist
INFO: [VRFC 10-2263] Analyzing Verilog file "D:/Vivado/project/CPU/RISC-V-SOC/risc-v-soc/risc-v-soc.ip_user_files/bd/risc_v_soc_test/ipshared/ed3d/src/AHB_Lite_gpio.v" into library xil_defaultlib
INFO: [VRFC 10-311] analyzing module AHB_Lite_gpio
INFO: [VRFC 10-2263] Analyzing Verilog file "D:/Vivado/project/CPU/RISC-V-SOC/risc-v-soc/risc-v-soc.ip_user_files/bd/risc_v_soc_test/ip/risc_v_soc_test_AHB_Lite_gpio_0_0/sim/risc_v_soc_test_AHB_Lite_gpio_0_0.v" into library xil_defaultlib
INFO: [VRFC 10-311] analyzing module risc_v_soc_test_AHB_Lite_gpio_0_0
INFO: [VRFC 10-2263] Analyzing Verilog file "D:/Vivado/project/CPU/RISC-V-SOC/risc-v-soc/risc-v-soc.ip_user_files/bd/risc_v_soc_test/ipshared/1fc3/src/IIC_AHB_Lite_pipe_inist.v" into library xil_defaultlib
INFO: [VRFC 10-311] analyzing module IIC_AHB_Lite_pipe_inist
INFO: [VRFC 10-2263] Analyzing Verilog file "D:/Vivado/project/CPU/RISC-V-SOC/risc-v-soc/risc-v-soc.ip_user_files/bd/risc_v_soc_test/ipshared/1fc3/src/IIC_Master_2.v" into library xil_defaultlib
INFO: [VRFC 10-311] analyzing module IIC_Master_2
INFO: [VRFC 10-2263] Analyzing Verilog file "D:/Vivado/project/CPU/RISC-V-SOC/risc-v-soc/risc-v-soc.ip_user_files/bd/risc_v_soc_test/ipshared/1fc3/src/AHB_Lite_IIC.v" into library xil_defaultlib
INFO: [VRFC 10-311] analyzing module AHB_Lite_IIC
INFO: [VRFC 10-2263] Analyzing Verilog file "D:/Vivado/project/CPU/RISC-V-SOC/risc-v-soc/risc-v-soc.ip_user_files/bd/risc_v_soc_test/ip/risc_v_soc_test_AHB_Lite_IIC_0_0/sim/risc_v_soc_test_AHB_Lite_IIC_0_0.v" into library xil_defaultlib
INFO: [VRFC 10-311] analyzing module risc_v_soc_test_AHB_Lite_IIC_0_0
INFO: [VRFC 10-2263] Analyzing Verilog file "D:/Vivado/project/CPU/RISC-V-SOC/risc-v-soc/risc-v-soc.ip_user_files/bd/risc_v_soc_test/ipshared/4980/src/FIFO.v" into library xil_defaultlib
INFO: [VRFC 10-311] analyzing module FIFO
INFO: [VRFC 10-311] analyzing module RAM_LUT
INFO: [VRFC 10-2263] Analyzing Verilog file "D:/Vivado/project/CPU/RISC-V-SOC/risc-v-soc/risc-v-soc.ip_user_files/bd/risc_v_soc_test/ipshared/4980/src/SPI_AHB_Lite_pipe_inist.v" into library xil_defaultlib
INFO: [VRFC 10-311] analyzing module SPI_AHB_Slave_pipe_S0_inist
INFO: [VRFC 10-2263] Analyzing Verilog file "D:/Vivado/project/CPU/RISC-V-SOC/risc-v-soc/risc-v-soc.ip_user_files/bd/risc_v_soc_test/ipshared/4980/src/SPI_LCD.v" into library xil_defaultlib
INFO: [VRFC 10-311] analyzing module SPI_LCD
INFO: [VRFC 10-2263] Analyzing Verilog file "D:/Vivado/project/CPU/RISC-V-SOC/risc-v-soc/risc-v-soc.ip_user_files/bd/risc_v_soc_test/ipshared/4980/src/SPI_write.v" into library xil_defaultlib
INFO: [VRFC 10-311] analyzing module SPI_write
INFO: [VRFC 10-2263] Analyzing Verilog file "D:/Vivado/project/CPU/RISC-V-SOC/risc-v-soc/risc-v-soc.ip_user_files/bd/risc_v_soc_test/ipshared/4980/src/AHB_Lite_SPI_LCD.v" into library xil_defaultlib
INFO: [VRFC 10-311] analyzing module AHB_Lite_SPI_LCD
INFO: [VRFC 10-2263] Analyzing Verilog file "D:/Vivado/project/CPU/RISC-V-SOC/risc-v-soc/risc-v-soc.ip_user_files/bd/risc_v_soc_test/ip/risc_v_soc_test_AHB_Lite_SPI_LCD_0_0/sim/risc_v_soc_test_AHB_Lite_SPI_LCD_0_0.v" into library xil_defaultlib
INFO: [VRFC 10-311] analyzing module risc_v_soc_test_AHB_Lite_SPI_LCD_0_0
INFO: [VRFC 10-2263] Analyzing Verilog file "D:/Vivado/project/CPU/RISC-V-SOC/risc-v-soc/risc-v-soc.ip_user_files/bd/risc_v_soc_test/ipshared/e31c/src/AHB_smtconnect_pipe.v" into library xil_defaultlib
INFO: [VRFC 10-311] analyzing module AHB_smtconnect_pipe
INFO: [VRFC 10-2263] Analyzing Verilog file "D:/Vivado/project/CPU/RISC-V-SOC/risc-v-soc/risc-v-soc.ip_user_files/bd/risc_v_soc_test/ipshared/e31c/src/AHB_M2S_cmtcnt_pipe.v" into library xil_defaultlib
INFO: [VRFC 10-311] analyzing module AHB_M2S_cmtcnt_pipe
INFO: [VRFC 10-2263] Analyzing Verilog file "D:/Vivado/project/CPU/RISC-V-SOC/risc-v-soc/risc-v-soc.ip_user_files/bd/risc_v_soc_test/ip/risc_v_soc_test_AHB_M2S_cmtcnt_pipe_0_0/sim/risc_v_soc_test_AHB_M2S_cmtcnt_pipe_0_0.v" into library xil_defaultlib
INFO: [VRFC 10-311] analyzing module risc_v_soc_test_AHB_M2S_cmtcnt_pipe_0_0
INFO: [VRFC 10-2263] Analyzing Verilog file "D:/Vivado/project/CPU/RISC-V-SOC/risc-v-soc/risc-v-soc.ip_user_files/bd/risc_v_soc_test/ipshared/385a/src/AHB_Slave_pipe.v" into library xil_defaultlib
INFO: [VRFC 10-311] analyzing module AHB_Slave_pipe
INFO: [VRFC 10-2263] Analyzing Verilog file "D:/Vivado/project/CPU/RISC-V-SOC/risc-v-soc/risc-v-soc.ip_user_files/bd/risc_v_soc_test/ipshared/385a/src/S0_AHB_Slave_pipe.v" into library xil_defaultlib
INFO: [VRFC 10-311] analyzing module S0_AHB_Slave_pipe
INFO: [VRFC 10-2263] Analyzing Verilog file "D:/Vivado/project/CPU/RISC-V-SOC/risc-v-soc/risc-v-soc.ip_user_files/bd/risc_v_soc_test/ip/risc_v_soc_test_S0_AHB_Slave_pipe_0_0/sim/risc_v_soc_test_S0_AHB_Slave_pipe_0_0.v" into library xil_defaultlib
INFO: [VRFC 10-311] analyzing module risc_v_soc_test_S0_AHB_Slave_pipe_0_0
INFO: [VRFC 10-2263] Analyzing Verilog file "D:/Vivado/project/CPU/RISC-V-SOC/risc-v-soc/risc-v-soc.ip_user_files/bd/risc_v_soc_test/ipshared/2d69/src/My_Concat_4.v" into library xil_defaultlib
INFO: [VRFC 10-311] analyzing module My_Concat_4
INFO: [VRFC 10-2263] Analyzing Verilog file "D:/Vivado/project/CPU/RISC-V-SOC/risc-v-soc/risc-v-soc.ip_user_files/bd/risc_v_soc_test/ip/risc_v_soc_test_My_Concat_4_0_0/sim/risc_v_soc_test_My_Concat_4_0_0.v" into library xil_defaultlib
INFO: [VRFC 10-311] analyzing module risc_v_soc_test_My_Concat_4_0_0
INFO: [VRFC 10-2263] Analyzing Verilog file "D:/Vivado/project/CPU/RISC-V-SOC/risc-v-soc/risc-v-soc.ip_user_files/bd/risc_v_soc_test/ip/risc_v_soc_test_My_Concat_4_0_1/sim/risc_v_soc_test_My_Concat_4_0_1.v" into library xil_defaultlib
INFO: [VRFC 10-311] analyzing module risc_v_soc_test_My_Concat_4_0_1
INFO: [VRFC 10-2263] Analyzing Verilog file "D:/Vivado/project/CPU/RISC-V-SOC/risc-v-soc/risc-v-soc.ip_user_files/bd/risc_v_soc_test/ip/risc_v_soc_test_xlconcat_0_0/sim/risc_v_soc_test_xlconcat_0_0.v" into library xil_defaultlib
INFO: [VRFC 10-311] analyzing module risc_v_soc_test_xlconcat_0_0
INFO: [VRFC 10-2263] Analyzing Verilog file "D:/Vivado/project/CPU/RISC-V-SOC/risc-v-soc/risc-v-soc.ip_user_files/bd/risc_v_soc_test/ip/risc_v_soc_test_xlconcat_1_0/sim/risc_v_soc_test_xlconcat_1_0.v" into library xil_defaultlib
INFO: [VRFC 10-311] analyzing module risc_v_soc_test_xlconcat_1_0
INFO: [VRFC 10-2263] Analyzing Verilog file "D:/Vivado/project/CPU/RISC-V-SOC/risc-v-soc/risc-v-soc.ip_user_files/bd/risc_v_soc_test/sim/risc_v_soc_test.v" into library xil_defaultlib
INFO: [VRFC 10-311] analyzing module risc_v_soc_test
INFO: [VRFC 10-2263] Analyzing Verilog file "D:/Vivado/project/CPU/RISC-V-SOC/risc-v-soc/risc-v-soc.ip_user_files/bd/risc_v_soc_test/ip/risc_v_soc_test_fly_v_top_0_0/src/blk_mem_gen_0/sim/blk_mem_gen_0.v" into library xil_defaultlib
INFO: [VRFC 10-311] analyzing module blk_mem_gen_0
INFO: [VRFC 10-2263] Analyzing Verilog file "D:/Vivado/project/CPU/RISC-V-SOC/risc-v-soc/risc-v-soc.ip_user_files/bd/risc_v_soc_test/ipshared/46a6/src/AHB_Master_pipe.v" into library xil_defaultlib
INFO: [VRFC 10-311] analyzing module AHB_Master_pipe
INFO: [VRFC 10-2263] Analyzing Verilog file "D:/Vivado/project/CPU/RISC-V-SOC/risc-v-soc/risc-v-soc.ip_user_files/bd/risc_v_soc_test/ipshared/46a6/src/FIFO.v" into library xil_defaultlib
INFO: [VRFC 10-311] analyzing module FIFO
WARNING: [VRFC 10-3609] overwriting previous definition of module 'FIFO' [D:/Vivado/project/CPU/RISC-V-SOC/risc-v-soc/risc-v-soc.ip_user_files/bd/risc_v_soc_test/ipshared/46a6/src/FIFO.v:1]
INFO: [VRFC 10-311] analyzing module RAM_for_fifo_LUT
INFO: [VRFC 10-2263] Analyzing Verilog file "D:/Vivado/project/CPU/RISC-V-SOC/risc-v-soc/risc-v-soc.ip_user_files/bd/risc_v_soc_test/ipshared/46a6/src/M0_AHB_S2AHB_pipe.v" into library xil_defaultlib
INFO: [VRFC 10-311] analyzing module M0_AHB_S2AHB_pipe
INFO: [VRFC 10-2263] Analyzing Verilog file "D:/Vivado/project/CPU/RISC-V-SOC/risc-v-soc/risc-v-soc.ip_user_files/bd/risc_v_soc_test/ipshared/46a6/src/cycle_counter.v" into library xil_defaultlib
INFO: [VRFC 10-311] analyzing module cycle_counter
INFO: [VRFC 10-2263] Analyzing Verilog file "D:/Vivado/project/CPU/RISC-V-SOC/risc-v-soc/risc-v-soc.ip_user_files/bd/risc_v_soc_test/ipshared/46a6/src/rv_alu.v" into library xil_defaultlib
INFO: [VRFC 10-311] analyzing module rv_alu
INFO: [VRFC 10-311] analyzing module MUL
INFO: [VRFC 10-311] analyzing module DIV
INFO: [VRFC 10-2263] Analyzing Verilog file "D:/Vivado/project/CPU/RISC-V-SOC/risc-v-soc/risc-v-soc.ip_user_files/bd/risc_v_soc_test/ipshared/46a6/src/rv_csr_alu.v" into library xil_defaultlib
INFO: [VRFC 10-311] analyzing module rv_csr_alu
INFO: [VRFC 10-2263] Analyzing Verilog file "D:/Vivado/project/CPU/RISC-V-SOC/risc-v-soc/risc-v-soc.ip_user_files/bd/risc_v_soc_test/ipshared/46a6/src/rv_csr_reg.v" into library xil_defaultlib
INFO: [VRFC 10-311] analyzing module rv_csr_reg
INFO: [VRFC 10-2263] Analyzing Verilog file "D:/Vivado/project/CPU/RISC-V-SOC/risc-v-soc/risc-v-soc.ip_user_files/bd/risc_v_soc_test/ipshared/46a6/src/rv_ex.v" into library xil_defaultlib
INFO: [VRFC 10-311] analyzing module rv_ex
INFO: [VRFC 10-2263] Analyzing Verilog file "D:/Vivado/project/CPU/RISC-V-SOC/risc-v-soc/risc-v-soc.ip_user_files/bd/risc_v_soc_test/ipshared/46a6/src/rv_id.v" into library xil_defaultlib
INFO: [VRFC 10-311] analyzing module rv_id
INFO: [VRFC 10-2263] Analyzing Verilog file "D:/Vivado/project/CPU/RISC-V-SOC/risc-v-soc/risc-v-soc.ip_user_files/bd/risc_v_soc_test/ipshared/46a6/src/rv_if_id.v" into library xil_defaultlib
INFO: [VRFC 10-311] analyzing module rv_if_id
INFO: [VRFC 10-2263] Analyzing Verilog file "D:/Vivado/project/CPU/RISC-V-SOC/risc-v-soc/risc-v-soc.ip_user_files/bd/risc_v_soc_test/ipshared/46a6/src/rv_irq_ctl.v" into library xil_defaultlib
INFO: [VRFC 10-311] analyzing module rv_irq_ctl
INFO: [VRFC 10-2263] Analyzing Verilog file "D:/Vivado/project/CPU/RISC-V-SOC/risc-v-soc/risc-v-soc.ip_user_files/bd/risc_v_soc_test/ipshared/46a6/src/rv_mem.v" into library xil_defaultlib
INFO: [VRFC 10-311] analyzing module rv_mem
INFO: [VRFC 10-311] analyzing module RAM_LUT_for_mem
INFO: [VRFC 10-2263] Analyzing Verilog file "D:/Vivado/project/CPU/RISC-V-SOC/risc-v-soc/risc-v-soc.ip_user_files/bd/risc_v_soc_test/ipshared/46a6/src/rv_mio.v" into library xil_defaultlib
INFO: [VRFC 10-311] analyzing module rv_mio
INFO: [VRFC 10-2263] Analyzing Verilog file "D:/Vivado/project/CPU/RISC-V-SOC/risc-v-soc/risc-v-soc.ip_user_files/bd/risc_v_soc_test/ipshared/46a6/src/rv_pc.v" into library xil_defaultlib
INFO: [VRFC 10-311] analyzing module rv_pc
INFO: [VRFC 10-2263] Analyzing Verilog file "D:/Vivado/project/CPU/RISC-V-SOC/risc-v-soc/risc-v-soc.ip_user_files/bd/risc_v_soc_test/ipshared/46a6/src/rv_plic.v" into library xil_defaultlib
INFO: [VRFC 10-311] analyzing module rv_plic
INFO: [VRFC 10-2263] Analyzing Verilog file "D:/Vivado/project/CPU/RISC-V-SOC/risc-v-soc/risc-v-soc.ip_user_files/bd/risc_v_soc_test/ipshared/46a6/src/rv_register.v" into library xil_defaultlib
INFO: [VRFC 10-311] analyzing module rv_register
INFO: [VRFC 10-2263] Analyzing Verilog file "D:/Vivado/project/CPU/RISC-V-SOC/risc-v-soc/risc-v-soc.ip_user_files/bd/risc_v_soc_test/ipshared/46a6/src/rv_timer64.v" into library xil_defaultlib
INFO: [VRFC 10-311] analyzing module rv_timer64
INFO: [VRFC 10-2263] Analyzing Verilog file "D:/Vivado/project/CPU/RISC-V-SOC/risc-v-soc/risc-v-soc.ip_user_files/bd/risc_v_soc_test/ipshared/46a6/src/rv_wb.v" into library xil_defaultlib
INFO: [VRFC 10-311] analyzing module rv_wb
INFO: [VRFC 10-2263] Analyzing Verilog file "D:/Vivado/project/CPU/RISC-V-SOC/risc-v-soc/risc-v-soc.ip_user_files/bd/risc_v_soc_test/ipshared/46a6/src/synchronizer_1.v" into library xil_defaultlib
INFO: [VRFC 10-311] analyzing module synchronizer_1
INFO: [VRFC 10-2263] Analyzing Verilog file "D:/Vivado/project/CPU/RISC-V-SOC/risc-v-soc/risc-v-soc.ip_user_files/bd/risc_v_soc_test/ipshared/46a6/src/risc_v_top.v" into library xil_defaultlib
INFO: [VRFC 10-311] analyzing module fly_v_top
INFO: [VRFC 10-2263] Analyzing Verilog file "D:/Vivado/project/CPU/RISC-V-SOC/risc-v-soc/risc-v-soc.ip_user_files/bd/risc_v_soc_test/ip/risc_v_soc_test_fly_v_top_0_0/sim/risc_v_soc_test_fly_v_top_0_0.v" into library xil_defaultlib
INFO: [VRFC 10-311] analyzing module risc_v_soc_test_fly_v_top_0_0
INFO: [VRFC 10-2263] Analyzing Verilog file "D:/Vivado/project/CPU/RISC-V-SOC/risc-v-soc/risc-v-soc.srcs/sources_1/bd/risc_v_soc_test/hdl/risc_v_soc_test_wrapper.v" into library xil_defaultlib
INFO: [VRFC 10-311] analyzing module risc_v_soc_test_wrapper
INFO: [VRFC 10-2263] Analyzing Verilog file "D:/Vivado/project/CPU/RISC-V-SOC/risc-v-soc/risc-v-soc.srcs/sim_1/new/rv_soc_tb.v" into library xil_defaultlib
INFO: [VRFC 10-311] analyzing module rv_soc_tb
