Copyright 1986-2018 Xilinx, Inc. All Rights Reserved.
------------------------------------------------------------------------------------
| Tool Version : Vivado v.2018.3 (win64) Build 2405991 Thu Dec  6 23:38:27 MST 2018
| Date         : Sat Jul 23 11:57:12 2022
| Host         : DESKTOP-P7K6OD1 running 64-bit major release  (build 9200)
| Command      : upgrade_ip
| Device       : xc7z010clg400-1
------------------------------------------------------------------------------------

Upgrade Log for IP 'risc_v_soc_test_fly_v_top_0_0'

1. Summary
----------

CAUTION (success, with warnings) in the upgrade of risc_v_soc_test_fly_v_top_0_0 (xilinx.com:user:fly_v_top:1.0) from (Rev. 1) to (Rev. 2)

After upgrade, an IP may have parameter and port differences compared to the original customization. Please review the parameters within the IP customization GUI to ensure proper functionality. Also, please review the updated IP instantiation template to ensure proper connectivity, and update your design if required.

2. Interface Information
------------------------

Detected external interface differences while upgrading 'risc_v_soc_test_fly_v_top_0_0'.


-Upgrade has added interface 'M00_AHB_CLK' (xilinx.com:signal:clock:1.0)


3. Connection Warnings
----------------------

Detected external port differences while upgrading 'risc_v_soc_test_fly_v_top_0_0'. These changes may impact your design.


-Upgrade has added port 'M00_AHB_CLK'







Copyright 1986-2018 Xilinx, Inc. All Rights Reserved.
------------------------------------------------------------------------------------
| Tool Version : Vivado v.2018.3 (win64) Build 2405991 Thu Dec  6 23:38:27 MST 2018
| Date         : Fri Jul 22 21:56:42 2022
| Host         : DESKTOP-P7K6OD1 running 64-bit major release  (build 9200)
| Command      : upgrade_ip
| Device       : xc7z010clg400-1
------------------------------------------------------------------------------------

Upgrade Log for IP 'risc_v_soc_test_risc_v_top_0_0'

1. Summary
----------

SUCCESS in the upgrade of risc_v_soc_test_risc_v_top_0_0 from xilinx.com:user:risc_v_top:1.0 (Rev. 16) to xilinx.com:user:fly_v_top:1.0 (Rev. 1)






Copyright 1986-2018 Xilinx, Inc. All Rights Reserved.
------------------------------------------------------------------------------------
| Tool Version : Vivado v.2018.3 (win64) Build 2405991 Thu Dec  6 23:38:27 MST 2018
| Date         : Fri Jul 22 21:54:49 2022
| Host         : DESKTOP-P7K6OD1 running 64-bit major release  (build 9200)
| Command      : upgrade_ip
| Device       : xc7z010clg400-1
------------------------------------------------------------------------------------

Upgrade Log for IP 'risc_v_soc_test_risc_v_top_0_0'

1. Summary
----------

SUCCESS in the upgrade of risc_v_soc_test_risc_v_top_0_0 (xilinx.com:user:risc_v_top:1.0) from (Rev. 15) to (Rev. 16)






Copyright 1986-2018 Xilinx, Inc. All Rights Reserved.
------------------------------------------------------------------------------------
| Tool Version : Vivado v.2018.3 (win64) Build 2405991 Thu Dec  6 23:38:27 MST 2018
| Date         : Fri Jul 22 15:00:59 2022
| Host         : DESKTOP-P7K6OD1 running 64-bit major release  (build 9200)
| Command      : upgrade_ip
| Device       : xc7z010clg400-1
------------------------------------------------------------------------------------

Upgrade Log for IP 'risc_v_soc_test_risc_v_top_0_0'

1. Summary
----------

SUCCESS in the upgrade of risc_v_soc_test_risc_v_top_0_0 (xilinx.com:user:risc_v_top:1.0) from (Rev. 14) to (Rev. 15)






Copyright 1986-2018 Xilinx, Inc. All Rights Reserved.
------------------------------------------------------------------------------------
| Tool Version : Vivado v.2018.3 (win64) Build 2405991 Thu Dec  6 23:38:27 MST 2018
| Date         : Fri Jul 22 14:10:08 2022
| Host         : DESKTOP-P7K6OD1 running 64-bit major release  (build 9200)
| Command      : upgrade_ip
| Device       : xc7z010clg400-1
------------------------------------------------------------------------------------

Upgrade Log for IP 'risc_v_soc_test_risc_v_top_0_0'

1. Summary
----------

SUCCESS in the upgrade of risc_v_soc_test_risc_v_top_0_0 (xilinx.com:user:risc_v_top:1.0) from (Rev. 13) to (Rev. 14)






Copyright 1986-2018 Xilinx, Inc. All Rights Reserved.
------------------------------------------------------------------------------------
| Tool Version : Vivado v.2018.3 (win64) Build 2405991 Thu Dec  6 23:38:27 MST 2018
| Date         : Fri Jul 22 13:55:13 2022
| Host         : DESKTOP-P7K6OD1 running 64-bit major release  (build 9200)
| Command      : upgrade_ip
| Device       : xc7z010clg400-1
------------------------------------------------------------------------------------

Upgrade Log for IP 'risc_v_soc_test_risc_v_top_0_0'

1. Summary
----------

SUCCESS in the upgrade of risc_v_soc_test_risc_v_top_0_0 (xilinx.com:user:risc_v_top:1.0) from (Rev. 12) to (Rev. 13)






Copyright 1986-2018 Xilinx, Inc. All Rights Reserved.
------------------------------------------------------------------------------------
| Tool Version : Vivado v.2018.3 (win64) Build 2405991 Thu Dec  6 23:38:27 MST 2018
| Date         : Fri Jul 22 11:52:39 2022
| Host         : DESKTOP-P7K6OD1 running 64-bit major release  (build 9200)
| Command      : upgrade_ip
| Device       : xc7z010clg400-1
------------------------------------------------------------------------------------

Upgrade Log for IP 'risc_v_soc_test_risc_v_top_0_0'

1. Summary
----------

SUCCESS in the upgrade of risc_v_soc_test_risc_v_top_0_0 (xilinx.com:user:risc_v_top:1.0) from (Rev. 11) to (Rev. 12)






Copyright 1986-2018 Xilinx, Inc. All Rights Reserved.
------------------------------------------------------------------------------------
| Tool Version : Vivado v.2018.3 (win64) Build 2405991 Thu Dec  6 23:38:27 MST 2018
| Date         : Fri Jul 22 11:43:55 2022
| Host         : DESKTOP-P7K6OD1 running 64-bit major release  (build 9200)
| Command      : upgrade_ip
| Device       : xc7z010clg400-1
------------------------------------------------------------------------------------

Upgrade Log for IP 'risc_v_soc_test_risc_v_top_0_0'

1. Summary
----------

SUCCESS in the upgrade of risc_v_soc_test_risc_v_top_0_0 (xilinx.com:user:risc_v_top:1.0) from (Rev. 10) to (Rev. 11)






Copyright 1986-2018 Xilinx, Inc. All Rights Reserved.
------------------------------------------------------------------------------------
| Tool Version : Vivado v.2018.3 (win64) Build 2405991 Thu Dec  6 23:38:27 MST 2018
| Date         : Fri Jul 22 11:10:00 2022
| Host         : DESKTOP-P7K6OD1 running 64-bit major release  (build 9200)
| Command      : upgrade_ip
| Device       : xc7z010clg400-1
------------------------------------------------------------------------------------

Upgrade Log for IP 'risc_v_soc_test_risc_v_top_0_0'

1. Summary
----------

SUCCESS in the upgrade of risc_v_soc_test_risc_v_top_0_0 (xilinx.com:user:risc_v_top:1.0) from (Rev. 9) to (Rev. 10)






Copyright 1986-2018 Xilinx, Inc. All Rights Reserved.
------------------------------------------------------------------------------------
| Tool Version : Vivado v.2018.3 (win64) Build 2405991 Thu Dec  6 23:38:27 MST 2018
| Date         : Fri Jul 22 10:24:15 2022
| Host         : DESKTOP-P7K6OD1 running 64-bit major release  (build 9200)
| Command      : upgrade_ip
| Device       : xc7z010clg400-1
------------------------------------------------------------------------------------

Upgrade Log for IP 'risc_v_soc_test_risc_v_top_0_0'

1. Summary
----------

SUCCESS in the upgrade of risc_v_soc_test_risc_v_top_0_0 (xilinx.com:user:risc_v_top:1.0) from (Rev. 8) to (Rev. 9)






Copyright 1986-2018 Xilinx, Inc. All Rights Reserved.
------------------------------------------------------------------------------------
| Tool Version : Vivado v.2018.3 (win64) Build 2405991 Thu Dec  6 23:38:27 MST 2018
| Date         : Fri Jul 22 10:03:32 2022
| Host         : DESKTOP-P7K6OD1 running 64-bit major release  (build 9200)
| Command      : upgrade_ip
| Device       : xc7z010clg400-1
------------------------------------------------------------------------------------

Upgrade Log for IP 'risc_v_soc_test_risc_v_top_0_0'

1. Summary
----------

SUCCESS in the upgrade of risc_v_soc_test_risc_v_top_0_0 (xilinx.com:user:risc_v_top:1.0) from (Rev. 7) to (Rev. 8)






Copyright 1986-2018 Xilinx, Inc. All Rights Reserved.
------------------------------------------------------------------------------------
| Tool Version : Vivado v.2018.3 (win64) Build 2405991 Thu Dec  6 23:38:27 MST 2018
| Date         : Fri Jul 22 09:58:43 2022
| Host         : DESKTOP-P7K6OD1 running 64-bit major release  (build 9200)
| Command      : upgrade_ip
| Device       : xc7z010clg400-1
------------------------------------------------------------------------------------

Upgrade Log for IP 'risc_v_soc_test_risc_v_top_0_0'

1. Summary
----------

SUCCESS in the upgrade of risc_v_soc_test_risc_v_top_0_0 (xilinx.com:user:risc_v_top:1.0) from (Rev. 6) to (Rev. 7)






Copyright 1986-2018 Xilinx, Inc. All Rights Reserved.
------------------------------------------------------------------------------------
| Tool Version : Vivado v.2018.3 (win64) Build 2405991 Thu Dec  6 23:38:27 MST 2018
| Date         : Fri Jul 22 00:50:59 2022
| Host         : DESKTOP-P7K6OD1 running 64-bit major release  (build 9200)
| Command      : upgrade_ip
| Device       : xc7z010clg400-1
------------------------------------------------------------------------------------

Upgrade Log for IP 'risc_v_soc_test_risc_v_top_0_0'

1. Summary
----------

SUCCESS in the upgrade of risc_v_soc_test_risc_v_top_0_0 (xilinx.com:user:risc_v_top:1.0) from (Rev. 5) to (Rev. 6)






Copyright 1986-2018 Xilinx, Inc. All Rights Reserved.
------------------------------------------------------------------------------------
| Tool Version : Vivado v.2018.3 (win64) Build 2405991 Thu Dec  6 23:38:27 MST 2018
| Date         : Fri Jul 22 00:32:32 2022
| Host         : DESKTOP-P7K6OD1 running 64-bit major release  (build 9200)
| Command      : upgrade_ip
| Device       : xc7z010clg400-1
------------------------------------------------------------------------------------

Upgrade Log for IP 'risc_v_soc_test_risc_v_top_0_0'

1. Summary
----------

SUCCESS in the upgrade of risc_v_soc_test_risc_v_top_0_0 (xilinx.com:user:risc_v_top:1.0) from (Rev. 4) to (Rev. 5)






Copyright 1986-2018 Xilinx, Inc. All Rights Reserved.
------------------------------------------------------------------------------------
| Tool Version : Vivado v.2018.3 (win64) Build 2405991 Thu Dec  6 23:38:27 MST 2018
| Date         : Fri Jul 22 00:12:39 2022
| Host         : DESKTOP-P7K6OD1 running 64-bit major release  (build 9200)
| Command      : upgrade_ip
| Device       : xc7z010clg400-1
------------------------------------------------------------------------------------

Upgrade Log for IP 'risc_v_soc_test_risc_v_top_0_0'

1. Summary
----------

SUCCESS in the upgrade of risc_v_soc_test_risc_v_top_0_0 (xilinx.com:user:risc_v_top:1.0) from (Rev. 2) to (Rev. 4)






Copyright 1986-2018 Xilinx, Inc. All Rights Reserved.
------------------------------------------------------------------------------------
| Tool Version : Vivado v.2018.3 (win64) Build 2405991 Thu Dec  6 23:38:27 MST 2018
| Date         : Fri Jul 22 00:08:25 2022
| Host         : DESKTOP-P7K6OD1 running 64-bit major release  (build 9200)
| Command      : upgrade_ip
| Device       : xc7z010clg400-1
------------------------------------------------------------------------------------

Upgrade Log for IP 'risc_v_soc_test_risc_v_top_0_0'

1. Summary
----------

SUCCESS in the conversion of risc_v_soc_test_risc_v_top_0_0 (xilinx.com:user:risc_v_top:1.0 (Rev. 2)) to Vivado generation flows.

